<?xml version="1.0" encoding="UTF-8"?>
<!-- Generated by org.testng.reporters.JUnitXMLReporter -->
<testsuite hostname="LAPTOP-D78H200V" failures="0" tests="4" name="Default test" time="144.736" errors="0" timestamp="9 Nov 2022 17:21:06 GMT">
  <testcase classname="Make_my_trip_casestudy.mmt" name="tc1" time="30.588"/>
  <testcase classname="Make_my_trip_casestudy.mmt" name="tc2" time="49.431"/>
  <testcase classname="Make_my_trip_casestudy.mmt" name="tc3" time="34.927"/>
  <testcase classname="Make_my_trip_casestudy.mmt" name="tc4" time="22.182"/>
</testsuite> <!-- Default test -->
