<?xml version="1.0" encoding="UTF-8"?>
<!-- Generated by org.testng.reporters.JUnitXMLReporter -->
<testsuite hostname="LAPTOP-D78H200V" failures="0" tests="4" name="Test" time="143.174" errors="0" timestamp="9 Nov 2022 17:16:46 GMT">
  <testcase classname="Make_my_trip_casestudy.mmt" name="tc1" time="30.324"/>
  <testcase classname="Make_my_trip_casestudy.mmt" name="tc2" time="48.736"/>
  <testcase classname="Make_my_trip_casestudy.mmt" name="tc3" time="35.659"/>
  <testcase classname="Make_my_trip_casestudy.mmt" name="tc4" time="21.86"/>
</testsuite> <!-- Test -->
