<?xml version="1.0" encoding="UTF-8"?>
<!-- Generated by org.testng.reporters.JUnitXMLReporter -->
<testsuite hostname="LAPTOP-D78H200V" failures="0" tests="4" name="Surefire test" time="141.536" errors="0" timestamp="9 Nov 2022 17:25:10 GMT">
  <testcase classname="Make_my_trip_casestudy.mmt" name="tc1" time="30.101"/>
  <testcase classname="Make_my_trip_casestudy.mmt" name="tc2" time="48.549"/>
  <testcase classname="Make_my_trip_casestudy.mmt" name="tc3" time="35.532"/>
  <testcase classname="Make_my_trip_casestudy.mmt" name="tc4" time="22.139"/>
</testsuite> <!-- Surefire test -->
